20230710	21:13:55	acb0fc75-b6f2-45b5-be9f-ae207b2bda53	POST	/user	undefined
20230710	21:15:04	89f4adf1-d86e-40d5-a259-556709c6435b	POST	/user	undefined
20230710	21:17:00	f39683a4-62e4-412d-b697-a2a75f8b4031	POST	/user	undefined
20230710	22:58:19	22bac337-3249-4116-b9f7-cd3ccf1da658	POST	/user	undefined
20230710	22:58:30	798f2ade-0097-4c0b-ba22-5a4de5de35df	POST	/user	undefined
20230710	22:59:19	a98626ee-c179-4546-8b20-bb113c93cec0	POST	/user	undefined
20230710	22:59:54	9231f5fa-beba-489c-a74c-79851103be65	POST	/user	undefined
20230710	23:00:32	21bee837-3411-4e53-bd1a-332b9b5d773e	POST	/user	undefined
20230710	23:00:57	bc3cd492-8be1-4ea3-95a5-15459e005b2a	POST	/user	undefined
20230710	23:02:02	9eddd4ae-6bd2-4e06-a5d1-97e03c0927f6	POST	/user	undefined
20230710	23:10:08	4a847054-c7f3-40b6-b0d2-7cb41f80b0c2	POST	/user	undefined
20230710	23:10:22	cb9df585-f430-41ff-998e-959493e64cf2	POST	/user	undefined
20230710	23:11:12	34bb7a0d-a8b2-4ebd-b7ce-ac01bb2cbafe	POST	/user	undefined
20230710	23:12:06	85bc0497-7dfd-4a65-9253-8314e999f6d1	POST	/user	undefined
20230710	23:12:55	bce1f733-f64c-48df-b728-8bc32ee76e27	POST	/user	undefined
20230710	23:13:32	22c46b3f-edf8-4974-95de-99c85eb53c79	POST	/user	undefined
20230710	23:14:00	425f2943-3130-4f26-a858-72744e49453e	POST	/user	undefined
20230710	23:14:42	587c3bdf-f17d-42bb-b76f-ae6c57bb2656	POST	/user	undefined
20230710	23:15:56	0f98dd0b-5246-4389-8750-24f79a58927f	POST	/user	undefined
20230710	23:16:58	aefc266d-8411-469b-ae64-a3230c3a6eb2	POST	/user	undefined
20230710	23:18:37	b6676a5f-7152-4fc6-a28e-5e839bab927a	POST	/user	undefined
20230710	23:22:55	1eb184a3-7d55-4290-8a02-42caed64a957	POST	/user	undefined
20230710	23:23:28	8d18c0a7-cd4b-41c5-9b47-2b53a19e8bac	POST	/user	undefined
20230710	23:25:54	f9f22e08-9ceb-4dad-af53-631019206ab7	POST	/user	undefined
20230710	23:26:22	fd9cc1e8-1a51-43f1-bf08-8d8e9afc170b	POST	/user	undefined
20230710	23:29:13	36c4271e-612f-4ae1-9a5f-87c8201c9c0f	POST	/user	undefined
20230710	23:30:43	b6eb448e-e6b4-4e32-8b59-2994c6970112	POST	/user	undefined
20230710	23:31:07	a1e355f7-4735-4c7e-ac45-747a573d6f3f	POST	/user	undefined
20230710	23:32:15	ecef8a6e-905a-405e-a780-f7df705e1a9e	POST	/user	undefined
20230710	23:33:53	add2b822-96cd-4355-ab5c-2c04f63b0d51	POST	/user	undefined
20230710	23:38:24	3d7b90c9-f850-4956-8010-f847b27da6e1	POST	/user	undefined
20230711	00:10:01	d2363137-fef6-4344-84c5-3183c1b3cc46	POST	/user	undefined
20230711	00:15:57	65f5208f-6950-4151-89c9-1a58afdb5daa	POST	/user	undefined
20230711	00:16:56	adcd2456-6b2a-495f-8baf-74d71b222b51	POST	/user	undefined
20230711	00:18:32	1923b136-e151-4074-acd7-95372712fa2d	POST	/user	undefined
20230711	00:18:55	0f2fc2b2-56f6-4109-9409-15b4b0b9bad1	POST	/user	undefined
20230711	00:19:09	115d01db-bbae-4fad-9b66-c022ad44ca8c	POST	/user	undefined
20230711	00:19:28	3b3e4a93-1318-4d3c-ab8a-238d1426bf12	POST	/user	undefined
20230711	00:19:46	65b578cc-2cfb-4473-84de-1d7dbe08ada6	POST	/user	undefined
20230711	00:20:18	79b331ae-8c96-46d6-8e66-1b3d39379154	POST	/user	undefined
20230711	00:30:41	b629d713-7c56-4015-948b-6036c3598823	GET	/user/64ac84028f6fc0502c45731f	undefined
20230711	00:32:17	d16252fb-a56c-4d88-a370-0504ccf285bd	GET	/user/64ac84028f6fc0502c45731f	undefined
20230711	00:33:14	4215724e-0a6e-4ef6-900f-5d2faf5baf1c	GET	/user/64ac84028f6fc0502c45731f	undefined
20230711	00:33:44	e42e0ad7-87e2-4654-9809-f21ad67c3e0b	GET	/user/64ac84028f6fc0502c45731f	undefined
20230711	00:34:11	a7cb8a76-8d9c-4e30-9324-bba4c32700e5	GET	/user/64ac84228f6fc0502c457322	undefined
20230711	00:39:23	dc40e228-6030-482b-9886-092f8f928b7d	GET	/user	undefined
20230711	00:41:36	657694ef-e76b-48b6-8053-adaf88e1f76b	GET	/user	undefined
20230711	00:42:31	d2f4537b-5c3b-4ee5-98be-9945d55ed3ef	GET	/user	undefined
20230711	00:42:49	3388117c-d2d7-41eb-92e1-55e18c51bb04	GET	/user	undefined
20230711	00:43:59	5c3886ee-96e6-42a3-b791-272cf379a429	GET	/user	undefined
20230711	00:46:05	f8eee99e-eb34-409a-b561-2cb90e26ea2c	GET	/user	undefined
20230711	00:46:25	83c25fbf-ba90-478b-9757-0c10c34ff94f	GET	/user	undefined
20230711	12:24:50	6d091631-16da-4447-904f-1eccbf3ff996	PATCH	/user/64ac83b88f6fc0502c457313	undefined
20230711	12:25:39	a912109d-29c4-48a9-91d7-1b03fc52c08b	PATCH	/user/64ac83b88f6fc0502c457313	undefined
20230711	12:26:35	4d791f6d-c5f3-4871-ba3e-3e9b6a9705d0	PATCH	/user/64ac83b88f6fc0502c457313	undefined
20230711	12:30:23	63c6274c-0abb-4fdc-becb-62a73dd6f9bf	PATCH	/user/64ac83b88f6fc0502c457313	undefined
20230711	12:32:35	2dce7fe9-ba1c-4698-bdd7-9221fcc4291b	PATCH	/user/64ac83b88f6fc0502c457313	undefined
20230711	12:39:51	e2721270-68e1-4d6e-a22f-8da6dd6c388e	PATCH	/user/64ac83b88f6fc0502c457313	undefined
20230711	12:40:22	bac7efd6-e435-4488-9a3a-bfee0b6900cc	PATCH	/user/64ac83b88f6fc0502c457313	undefined
20230711	12:41:01	e9e09602-67c6-4dd6-8329-9cc9e0e467d4	PATCH	/user/64ac83b88f6fc0502c457313	undefined
20230711	12:41:48	dfe815c8-4dfa-417f-b244-a147d4cc373d	PATCH	/user/64ac83b88f6fc0502c457313	undefined
20230711	12:46:30	7373729f-50ea-44c3-a913-7b0045921422	PATCH	/user/64ac83b88f6fc0502c457313	undefined
20230711	12:48:12	d31845e8-cc99-45ff-a3f8-352599ef6753	PATCH	/user/64ac83b88f6fc0502c457313	undefined
20230711	12:50:05	a8ec3909-daef-4da7-b67b-20fa65a7c14b	PATCH	/user/64ac83b88f6fc0502c457313	undefined
20230711	12:50:24	34ba0282-7380-4573-859d-0eec4932881e	PATCH	/user/64ac83b88f6fc0502c457313	undefined
20230711	12:57:37	690f9a2e-a9e5-4d56-9a8f-a3ccb036af7d	PATCH	/user/64ac83b88f6fc0502c457313	undefined
20230711	12:58:22	9ac4b997-515f-4038-b08b-a851f291fc07	PATCH	/user/64ac83b88f6fc0502c457313	undefined
20230711	12:58:57	6d693ea6-bc9a-4cff-a4b1-be76d2440b59	PATCH	/user/64ac83b88f6fc0502c457313	undefined
20230711	13:05:29	2207ea0e-09a0-4d66-9088-3f5c0473b66e	PATCH	/user/64ac83b88f6fc0502c457313	undefined
20230711	13:05:58	d0d5342a-5873-419d-9c9d-a8fcc7066d4c	PATCH	/user/64ac83b88f6fc0502c457313	undefined
20230711	13:15:29	6ef43ef5-6cd7-435a-b370-353ae0c75263	PATCH	/user/64ac83b88f6fc0502c457313	undefined
20230711	13:16:37	827d3a10-f712-4d22-a408-035e77c289f1	DELETE	/user/64ac83b88f6fc0502c457313	undefined
20230711	14:09:31	5abe3381-e7f3-4a02-8e1e-c46ee0f6085b	DELETE	/user/64ac83b88f6fc0502c457313	undefined
20230711	14:13:12	36a6b170-d26a-45ca-b57b-aa3887be0016	DELETE	/auth/login	undefined
20230711	14:13:28	4cf8ff05-e9f3-4ddf-9e3d-f16db1a54dc3	POST	/auth/login	undefined
20230711	14:16:51	7f3d44b1-a5a9-4188-a9af-cf3152f09fb8	POST	/auth/login	undefined
